[debug] [2026-01-21T18:24:40.511Z] ----------------------------------------------------------------------
[debug] [2026-01-21T18:24:40.522Z] Command:       C:\Program Files\nodejs\node.exe C:\Users\diokr\AppData\Roaming\npm\node_modules\firebase-tools\lib\bin\firebase.js deploy --only functions
[debug] [2026-01-21T18:24:40.523Z] CLI Version:   15.3.1
[debug] [2026-01-21T18:24:40.523Z] Platform:      win32
[debug] [2026-01-21T18:24:40.523Z] Node Version:  v24.13.0
[debug] [2026-01-21T18:24:40.523Z] Time:          Wed Jan 21 2026 20:24:40 GMT+0200 (Χειμερινή ώρα Ανατολικής Ευρώπης)
[debug] [2026-01-21T18:24:40.523Z] ----------------------------------------------------------------------
[debug] 
[debug] [2026-01-21T18:24:43.004Z] > command requires scopes: ["email","openid","https://www.googleapis.com/auth/cloudplatformprojects.readonly","https://www.googleapis.com/auth/firebase","https://www.googleapis.com/auth/cloud-platform"]
[debug] [2026-01-21T18:24:43.004Z] > authorizing via signed-in user (dio.krokidis@gmail.com)
[debug] [2026-01-21T18:24:43.004Z] [iam] checking project trading-journal-db-eb6e1 for permissions ["cloudfunctions.functions.create","cloudfunctions.functions.delete","cloudfunctions.functions.get","cloudfunctions.functions.list","cloudfunctions.functions.update","cloudfunctions.operations.get","firebase.projects.get"]
[debug] [2026-01-21T18:24:43.005Z] Checked if tokens are valid: true, expires at: 1769022366557
[debug] [2026-01-21T18:24:43.005Z] Checked if tokens are valid: true, expires at: 1769022366557
[debug] [2026-01-21T18:24:43.006Z] >>> [apiv2][query] POST https://cloudresourcemanager.googleapis.com/v1/projects/trading-journal-db-eb6e1:testIamPermissions [none]
[debug] [2026-01-21T18:24:43.006Z] >>> [apiv2][(partial)header] POST https://cloudresourcemanager.googleapis.com/v1/projects/trading-journal-db-eb6e1:testIamPermissions x-goog-quota-user=projects/trading-journal-db-eb6e1
[debug] [2026-01-21T18:24:43.006Z] >>> [apiv2][body] POST https://cloudresourcemanager.googleapis.com/v1/projects/trading-journal-db-eb6e1:testIamPermissions {"permissions":["cloudfunctions.functions.create","cloudfunctions.functions.delete","cloudfunctions.functions.get","cloudfunctions.functions.list","cloudfunctions.functions.update","cloudfunctions.operations.get","firebase.projects.get"]}
[debug] [2026-01-21T18:24:44.042Z] <<< [apiv2][status] POST https://cloudresourcemanager.googleapis.com/v1/projects/trading-journal-db-eb6e1:testIamPermissions 200
[debug] [2026-01-21T18:24:44.042Z] <<< [apiv2][body] POST https://cloudresourcemanager.googleapis.com/v1/projects/trading-journal-db-eb6e1:testIamPermissions {"permissions":["cloudfunctions.functions.create","cloudfunctions.functions.delete","cloudfunctions.functions.get","cloudfunctions.functions.list","cloudfunctions.functions.update","cloudfunctions.operations.get","firebase.projects.get"]}
[debug] [2026-01-21T18:24:44.043Z] Checked if tokens are valid: true, expires at: 1769022366557
[debug] [2026-01-21T18:24:44.043Z] Checked if tokens are valid: true, expires at: 1769022366557
[debug] [2026-01-21T18:24:44.043Z] >>> [apiv2][query] POST https://iam.googleapis.com/v1/projects/trading-journal-db-eb6e1/serviceAccounts/trading-journal-db-eb6e1@appspot.gserviceaccount.com:testIamPermissions [none]
[debug] [2026-01-21T18:24:44.043Z] >>> [apiv2][body] POST https://iam.googleapis.com/v1/projects/trading-journal-db-eb6e1/serviceAccounts/trading-journal-db-eb6e1@appspot.gserviceaccount.com:testIamPermissions {"permissions":["iam.serviceAccounts.actAs"]}
[debug] [2026-01-21T18:24:44.966Z] <<< [apiv2][status] POST https://iam.googleapis.com/v1/projects/trading-journal-db-eb6e1/serviceAccounts/trading-journal-db-eb6e1@appspot.gserviceaccount.com:testIamPermissions 200
[debug] [2026-01-21T18:24:44.966Z] <<< [apiv2][body] POST https://iam.googleapis.com/v1/projects/trading-journal-db-eb6e1/serviceAccounts/trading-journal-db-eb6e1@appspot.gserviceaccount.com:testIamPermissions {"permissions":["iam.serviceAccounts.actAs"]}
[info] 
[info] === Deploying to 'trading-journal-db-eb6e1'...
[info] 
[info] i  deploying functions 
[debug] [2026-01-21T18:24:44.971Z] Checked if tokens are valid: true, expires at: 1769022366557
[debug] [2026-01-21T18:24:44.971Z] Checked if tokens are valid: true, expires at: 1769022366557
[debug] [2026-01-21T18:24:44.971Z] >>> [apiv2][query] GET https://cloudresourcemanager.googleapis.com/v1/projects/trading-journal-db-eb6e1 [none]
[debug] [2026-01-21T18:24:45.198Z] <<< [apiv2][status] GET https://cloudresourcemanager.googleapis.com/v1/projects/trading-journal-db-eb6e1 200
[debug] [2026-01-21T18:24:45.198Z] <<< [apiv2][body] GET https://cloudresourcemanager.googleapis.com/v1/projects/trading-journal-db-eb6e1 {"projectNumber":"672967817566","projectId":"trading-journal-db-eb6e1","lifecycleState":"ACTIVE","name":"Trading Journal DB","labels":{"firebase":"enabled","firebase-core":"disabled"},"createTime":"2025-12-01T14:34:05.336579Z"}
[info] i  functions: preparing codebase default for deployment 
[info] i  functions: ensuring required API cloudfunctions.googleapis.com is enabled... 
[info] i  functions: ensuring required API cloudbuild.googleapis.com is enabled... 
[info] i  artifactregistry: ensuring required API artifactregistry.googleapis.com is enabled... 
[debug] [2026-01-21T18:24:45.202Z] Checked if tokens are valid: true, expires at: 1769022366557
[debug] [2026-01-21T18:24:45.202Z] Checked if tokens are valid: true, expires at: 1769022366557
[debug] [2026-01-21T18:24:45.202Z] >>> [apiv2][query] GET https://firebase.googleapis.com/v1beta1/projects/trading-journal-db-eb6e1/adminSdkConfig [none]
[debug] [2026-01-21T18:24:45.566Z] <<< [apiv2][status] GET https://firebase.googleapis.com/v1beta1/projects/trading-journal-db-eb6e1/adminSdkConfig 200
[debug] [2026-01-21T18:24:45.567Z] <<< [apiv2][body] GET https://firebase.googleapis.com/v1beta1/projects/trading-journal-db-eb6e1/adminSdkConfig {"projectId":"trading-journal-db-eb6e1","storageBucket":"trading-journal-db-eb6e1.firebasestorage.app"}
[debug] [2026-01-21T18:24:45.572Z] Validating nodejs source
[debug] [2026-01-21T18:24:46.803Z] > [functions] package.json contents: {
  "name": "functions",
  "description": "Cloud Functions for Firebase",
  "scripts": {
    "serve": "firebase emulators:start --only functions",
    "shell": "firebase functions:shell",
    "start": "npm run shell",
    "deploy": "firebase deploy --only functions",
    "logs": "firebase functions:log"
  },
  "engines": {
    "node": "24"
  },
  "main": "index.js",
  "dependencies": {
    "firebase-admin": "^13.6.0",
    "firebase-functions": "^7.0.0"
  },
  "devDependencies": {
    "firebase-functions-test": "^3.4.1"
  },
  "private": true
}
[debug] [2026-01-21T18:24:46.804Z] Building nodejs source
[info] i  functions: Loading and analyzing source code for codebase default to determine what to deploy 
[debug] [2026-01-21T18:24:46.805Z] Could not find functions.yaml. Must use http discovery
[debug] [2026-01-21T18:24:46.817Z] Found firebase-functions binary at 'C:\Users\diokr\Desktop\Trading Journal\functions\node_modules\.bin\firebase-functions'
[info] Serving at port 8582

[debug] [2026-01-21T18:24:47.474Z] Got response from /__/functions.yaml {"endpoints":{"logTrade":{"availableMemoryMb":null,"timeoutSeconds":null,"minInstances":null,"maxInstances":null,"ingressSettings":null,"concurrency":null,"serviceAccountEmail":null,"vpc":null,"platform":"gcfv2","labels":{},"httpsTrigger":{},"entryPoint":"logTrade"}},"specVersion":"v1alpha1","requiredAPIs":[],"extensions":{}}
[info] i  extensions: ensuring required API firebaseextensions.googleapis.com is enabled... 
[debug] [2026-01-21T18:24:51.517Z] > command requires scopes: ["email","openid","https://www.googleapis.com/auth/cloudplatformprojects.readonly","https://www.googleapis.com/auth/firebase","https://www.googleapis.com/auth/cloud-platform"]
[debug] [2026-01-21T18:24:51.517Z] > authorizing via signed-in user (dio.krokidis@gmail.com)
[debug] [2026-01-21T18:24:51.517Z] [iam] checking project trading-journal-db-eb6e1 for permissions ["firebase.projects.get","firebaseextensions.instances.list"]
[debug] [2026-01-21T18:24:51.517Z] Checked if tokens are valid: true, expires at: 1769022366557
[debug] [2026-01-21T18:24:51.517Z] Checked if tokens are valid: true, expires at: 1769022366557
[debug] [2026-01-21T18:24:51.517Z] >>> [apiv2][query] POST https://cloudresourcemanager.googleapis.com/v1/projects/trading-journal-db-eb6e1:testIamPermissions [none]
[debug] [2026-01-21T18:24:51.517Z] >>> [apiv2][(partial)header] POST https://cloudresourcemanager.googleapis.com/v1/projects/trading-journal-db-eb6e1:testIamPermissions x-goog-quota-user=projects/trading-journal-db-eb6e1
[debug] [2026-01-21T18:24:51.517Z] >>> [apiv2][body] POST https://cloudresourcemanager.googleapis.com/v1/projects/trading-journal-db-eb6e1:testIamPermissions {"permissions":["firebase.projects.get","firebaseextensions.instances.list"]}
[debug] [2026-01-21T18:24:51.808Z] <<< [apiv2][status] POST https://cloudresourcemanager.googleapis.com/v1/projects/trading-journal-db-eb6e1:testIamPermissions 200
[debug] [2026-01-21T18:24:51.809Z] <<< [apiv2][body] POST https://cloudresourcemanager.googleapis.com/v1/projects/trading-journal-db-eb6e1:testIamPermissions {"permissions":["firebase.projects.get","firebaseextensions.instances.list"]}
[debug] [2026-01-21T18:24:51.809Z] Checked if tokens are valid: true, expires at: 1769022366557
[debug] [2026-01-21T18:24:51.809Z] Checked if tokens are valid: true, expires at: 1769022366557
[debug] [2026-01-21T18:24:51.809Z] >>> [apiv2][query] GET https://firebaseextensions.googleapis.com/v1beta/projects/trading-journal-db-eb6e1/instances pageSize=100&pageToken=
[debug] [2026-01-21T18:24:52.841Z] <<< [apiv2][status] GET https://firebaseextensions.googleapis.com/v1beta/projects/trading-journal-db-eb6e1/instances 200
[debug] [2026-01-21T18:24:52.841Z] <<< [apiv2][body] GET https://firebaseextensions.googleapis.com/v1beta/projects/trading-journal-db-eb6e1/instances {}
[info] i  functions: preparing functions directory for uploading... 
[info] i  functions: packaged C:\Users\diokr\Desktop\Trading Journal\functions (68.29 KB) for uploading 
[debug] [2026-01-21T18:24:52.882Z] Checked if tokens are valid: true, expires at: 1769022366557
[debug] [2026-01-21T18:24:52.883Z] Checked if tokens are valid: true, expires at: 1769022366557
[debug] [2026-01-21T18:24:52.883Z] >>> [apiv2][query] GET https://cloudfunctions.googleapis.com/v1/projects/trading-journal-db-eb6e1/locations/-/functions [none]
[debug] [2026-01-21T18:24:53.650Z] <<< [apiv2][status] GET https://cloudfunctions.googleapis.com/v1/projects/trading-journal-db-eb6e1/locations/-/functions 200
[debug] [2026-01-21T18:24:53.650Z] <<< [apiv2][body] GET https://cloudfunctions.googleapis.com/v1/projects/trading-journal-db-eb6e1/locations/-/functions {}
[debug] [2026-01-21T18:24:53.651Z] Checked if tokens are valid: true, expires at: 1769022366557
[debug] [2026-01-21T18:24:53.651Z] Checked if tokens are valid: true, expires at: 1769022366557
[debug] [2026-01-21T18:24:53.651Z] >>> [apiv2][query] GET https://cloudfunctions.googleapis.com/v2/projects/trading-journal-db-eb6e1/locations/-/functions filter=environment%3D%22GEN_2%22
[debug] [2026-01-21T18:24:54.691Z] <<< [apiv2][status] GET https://cloudfunctions.googleapis.com/v2/projects/trading-journal-db-eb6e1/locations/-/functions 200
[debug] [2026-01-21T18:24:54.691Z] <<< [apiv2][body] GET https://cloudfunctions.googleapis.com/v2/projects/trading-journal-db-eb6e1/locations/-/functions {}
[info] i  functions: ensuring required API run.googleapis.com is enabled... 
[debug] [2026-01-21T18:24:54.693Z] Checked if tokens are valid: true, expires at: 1769022366557
[debug] [2026-01-21T18:24:54.694Z] Checked if tokens are valid: true, expires at: 1769022366557
[info] i  functions: ensuring required API eventarc.googleapis.com is enabled... 
[debug] [2026-01-21T18:24:54.694Z] Checked if tokens are valid: true, expires at: 1769022366557
[debug] [2026-01-21T18:24:54.694Z] Checked if tokens are valid: true, expires at: 1769022366557
[info] i  functions: ensuring required API pubsub.googleapis.com is enabled... 
[info] i  functions: ensuring required API storage.googleapis.com is enabled... 
[debug] [2026-01-21T18:24:54.695Z] >>> [apiv2][query] GET https://serviceusage.googleapis.com/v1/projects/672967817566/services/run.googleapis.com [none]
[debug] [2026-01-21T18:24:54.696Z] >>> [apiv2][(partial)header] GET https://serviceusage.googleapis.com/v1/projects/672967817566/services/run.googleapis.com x-goog-quota-user=projects/672967817566
[debug] [2026-01-21T18:24:54.696Z] >>> [apiv2][query] GET https://serviceusage.googleapis.com/v1/projects/672967817566/services/eventarc.googleapis.com [none]
[debug] [2026-01-21T18:24:54.696Z] >>> [apiv2][(partial)header] GET https://serviceusage.googleapis.com/v1/projects/672967817566/services/eventarc.googleapis.com x-goog-quota-user=projects/672967817566
[debug] [2026-01-21T18:24:55.902Z] <<< [apiv2][status] GET https://serviceusage.googleapis.com/v1/projects/672967817566/services/eventarc.googleapis.com 200
[debug] [2026-01-21T18:24:55.902Z] <<< [apiv2][body] GET https://serviceusage.googleapis.com/v1/projects/672967817566/services/eventarc.googleapis.com [omitted]
[warn] !  functions: missing required API eventarc.googleapis.com. Enabling now... 
[debug] [2026-01-21T18:24:55.903Z] Checked if tokens are valid: true, expires at: 1769022366557
[debug] [2026-01-21T18:24:55.903Z] Checked if tokens are valid: true, expires at: 1769022366557
[debug] [2026-01-21T18:24:55.903Z] >>> [apiv2][query] POST https://serviceusage.googleapis.com/v1/projects/672967817566/services/eventarc.googleapis.com:enable [none]
[debug] [2026-01-21T18:24:55.903Z] >>> [apiv2][(partial)header] POST https://serviceusage.googleapis.com/v1/projects/672967817566/services/eventarc.googleapis.com:enable x-goog-quota-user=projects/672967817566
[debug] [2026-01-21T18:24:55.905Z] <<< [apiv2][status] GET https://serviceusage.googleapis.com/v1/projects/672967817566/services/run.googleapis.com 200
[debug] [2026-01-21T18:24:55.905Z] <<< [apiv2][body] GET https://serviceusage.googleapis.com/v1/projects/672967817566/services/run.googleapis.com [omitted]
[warn] !  functions: missing required API run.googleapis.com. Enabling now... 
[debug] [2026-01-21T18:24:55.906Z] Checked if tokens are valid: true, expires at: 1769022366557
[debug] [2026-01-21T18:24:55.906Z] Checked if tokens are valid: true, expires at: 1769022366557
[debug] [2026-01-21T18:24:55.906Z] >>> [apiv2][query] POST https://serviceusage.googleapis.com/v1/projects/672967817566/services/run.googleapis.com:enable [none]
[debug] [2026-01-21T18:24:55.906Z] >>> [apiv2][(partial)header] POST https://serviceusage.googleapis.com/v1/projects/672967817566/services/run.googleapis.com:enable x-goog-quota-user=projects/672967817566
[debug] [2026-01-21T18:24:57.161Z] <<< [apiv2][status] POST https://serviceusage.googleapis.com/v1/projects/672967817566/services/eventarc.googleapis.com:enable 200
[debug] [2026-01-21T18:24:57.161Z] <<< [apiv2][body] POST https://serviceusage.googleapis.com/v1/projects/672967817566/services/eventarc.googleapis.com:enable [omitted]
[debug] [2026-01-21T18:24:57.207Z] <<< [apiv2][status] POST https://serviceusage.googleapis.com/v1/projects/672967817566/services/run.googleapis.com:enable 200
[debug] [2026-01-21T18:24:57.207Z] <<< [apiv2][body] POST https://serviceusage.googleapis.com/v1/projects/672967817566/services/run.googleapis.com:enable [omitted]
[info] i  functions: generating the service identity for pubsub.googleapis.com... 
[debug] [2026-01-21T18:25:07.216Z] Checked if tokens are valid: true, expires at: 1769022366557
[debug] [2026-01-21T18:25:07.216Z] Checked if tokens are valid: true, expires at: 1769022366557
[info] i  functions: generating the service identity for eventarc.googleapis.com... 
[debug] [2026-01-21T18:25:07.217Z] Checked if tokens are valid: true, expires at: 1769022366557
[debug] [2026-01-21T18:25:07.217Z] Checked if tokens are valid: true, expires at: 1769022366557
[debug] [2026-01-21T18:25:07.217Z] >>> [apiv2][query] POST https://serviceusage.googleapis.com/v1beta1/projects/672967817566/services/pubsub.googleapis.com:generateServiceIdentity [none]
[debug] [2026-01-21T18:25:07.217Z] >>> [apiv2][(partial)header] POST https://serviceusage.googleapis.com/v1beta1/projects/672967817566/services/pubsub.googleapis.com:generateServiceIdentity x-goog-quota-user=projects/672967817566
[debug] [2026-01-21T18:25:07.217Z] >>> [apiv2][body] POST https://serviceusage.googleapis.com/v1beta1/projects/672967817566/services/pubsub.googleapis.com:generateServiceIdentity {}
[debug] [2026-01-21T18:25:07.219Z] >>> [apiv2][query] POST https://serviceusage.googleapis.com/v1beta1/projects/672967817566/services/eventarc.googleapis.com:generateServiceIdentity [none]
[debug] [2026-01-21T18:25:07.220Z] >>> [apiv2][(partial)header] POST https://serviceusage.googleapis.com/v1beta1/projects/672967817566/services/eventarc.googleapis.com:generateServiceIdentity x-goog-quota-user=projects/672967817566
[debug] [2026-01-21T18:25:07.220Z] >>> [apiv2][body] POST https://serviceusage.googleapis.com/v1beta1/projects/672967817566/services/eventarc.googleapis.com:generateServiceIdentity {}
[debug] [2026-01-21T18:25:08.518Z] <<< [apiv2][status] POST https://serviceusage.googleapis.com/v1beta1/projects/672967817566/services/pubsub.googleapis.com:generateServiceIdentity 200
[debug] [2026-01-21T18:25:08.518Z] <<< [apiv2][body] POST https://serviceusage.googleapis.com/v1beta1/projects/672967817566/services/pubsub.googleapis.com:generateServiceIdentity {"name":"operations/finished.DONE_OPERATION","done":true,"response":{"@type":"type.googleapis.com/google.api.serviceusage.v1beta1.ServiceIdentity","email":"service-672967817566@gcp-sa-pubsub.iam.gserviceaccount.com","uniqueId":"102227606451119019719"}}
[debug] [2026-01-21T18:25:08.587Z] <<< [apiv2][status] POST https://serviceusage.googleapis.com/v1beta1/projects/672967817566/services/eventarc.googleapis.com:generateServiceIdentity 200
[debug] [2026-01-21T18:25:08.587Z] <<< [apiv2][body] POST https://serviceusage.googleapis.com/v1beta1/projects/672967817566/services/eventarc.googleapis.com:generateServiceIdentity {"name":"operations/finished.DONE_OPERATION","done":true,"response":{"@type":"type.googleapis.com/google.api.serviceusage.v1beta1.ServiceIdentity","email":"service-672967817566@gcp-sa-eventarc.iam.gserviceaccount.com","uniqueId":"100658159382028611236"}}
[debug] [2026-01-21T18:25:08.591Z] Checked if tokens are valid: true, expires at: 1769022366557
[debug] [2026-01-21T18:25:08.591Z] Checked if tokens are valid: true, expires at: 1769022366557
[debug] [2026-01-21T18:25:08.592Z] >>> [apiv2][query] GET https://cloudresourcemanager.googleapis.com/v1/projects/trading-journal-db-eb6e1 [none]
[debug] [2026-01-21T18:25:09.532Z] <<< [apiv2][status] GET https://cloudresourcemanager.googleapis.com/v1/projects/trading-journal-db-eb6e1 200
[debug] [2026-01-21T18:25:09.532Z] <<< [apiv2][body] GET https://cloudresourcemanager.googleapis.com/v1/projects/trading-journal-db-eb6e1 {"projectNumber":"672967817566","projectId":"trading-journal-db-eb6e1","lifecycleState":"ACTIVE","name":"Trading Journal DB","labels":{"firebase":"enabled","firebase-core":"disabled"},"createTime":"2025-12-01T14:34:05.336579Z"}
[debug] [2026-01-21T18:25:09.533Z] Checked if tokens are valid: true, expires at: 1769022366557
[debug] [2026-01-21T18:25:09.533Z] Checked if tokens are valid: true, expires at: 1769022366557
[debug] [2026-01-21T18:25:09.533Z] >>> [apiv2][query] GET https://compute.googleapis.com/compute/v1/projects/672967817566 [none]
[debug] [2026-01-21T18:25:09.843Z] <<< [apiv2][status] GET https://compute.googleapis.com/compute/v1/projects/672967817566 403
[debug] [2026-01-21T18:25:09.843Z] <<< [apiv2][body] GET https://compute.googleapis.com/compute/v1/projects/672967817566 {"error":{"code":403,"message":"Compute Engine API has not been used in project 672967817566 before or it is disabled. Enable it by visiting https://console.developers.google.com/apis/api/compute.googleapis.com/overview?project=672967817566 then retry. If you enabled this API recently, wait a few minutes for the action to propagate to our systems and retry.","errors":[{"message":"Compute Engine API has not been used in project 672967817566 before or it is disabled. Enable it by visiting https://console.developers.google.com/apis/api/compute.googleapis.com/overview?project=672967817566 then retry. If you enabled this API recently, wait a few minutes for the action to propagate to our systems and retry.","domain":"usageLimits","reason":"accessNotConfigured","extendedHelp":"https://console.developers.google.com"}],"status":"PERMISSION_DENIED","details":[{"@type":"type.googleapis.com/google.rpc.ErrorInfo","reason":"SERVICE_DISABLED","domain":"googleapis.com","metadata":{"containerInfo":"672967817566","activationUrl":"https://console.developers.google.com/apis/api/compute.googleapis.com/overview?project=672967817566","service":"compute.googleapis.com","consumer":"projects/672967817566","serviceTitle":"Compute Engine API"}},{"@type":"type.googleapis.com/google.rpc.LocalizedMessage","locale":"en-US","message":"Compute Engine API has not been used in project 672967817566 before or it is disabled. Enable it by visiting https://console.developers.google.com/apis/api/compute.googleapis.com/overview?project=672967817566 then retry. If you enabled this API recently, wait a few minutes for the action to propagate to our systems and retry."},{"@type":"type.googleapis.com/google.rpc.Help","links":[{"description":"Google developers console API activation","url":"https://console.developers.google.com/apis/api/compute.googleapis.com/overview?project=672967817566"}]}]}}
[debug] [2026-01-21T18:25:09.844Z] unable to look up default compute service account. Falling back to 672967817566-compute@developer.gserviceaccount.com. Error: {"name":"FirebaseError","children":[],"context":{"body":{"error":{"code":403,"message":"Compute Engine API has not been used in project 672967817566 before or it is disabled. Enable it by visiting https://console.developers.google.com/apis/api/compute.googleapis.com/overview?project=672967817566 then retry. If you enabled this API recently, wait a few minutes for the action to propagate to our systems and retry.","errors":[{"message":"Compute Engine API has not been used in project 672967817566 before or it is disabled. Enable it by visiting https://console.developers.google.com/apis/api/compute.googleapis.com/overview?project=672967817566 then retry. If you enabled this API recently, wait a few minutes for the action to propagate to our systems and retry.","domain":"usageLimits","reason":"accessNotConfigured","extendedHelp":"https://console.developers.google.com"}],"status":"PERMISSION_DENIED","details":[{"@type":"type.googleapis.com/google.rpc.ErrorInfo","reason":"SERVICE_DISABLED","domain":"googleapis.com","metadata":{"containerInfo":"672967817566","activationUrl":"https://console.developers.google.com/apis/api/compute.googleapis.com/overview?project=672967817566","service":"compute.googleapis.com","consumer":"projects/672967817566","serviceTitle":"Compute Engine API"}},{"@type":"type.googleapis.com/google.rpc.LocalizedMessage","locale":"en-US","message":"Compute Engine API has not been used in project 672967817566 before or it is disabled. Enable it by visiting https://console.developers.google.com/apis/api/compute.googleapis.com/overview?project=672967817566 then retry. If you enabled this API recently, wait a few minutes for the action to propagate to our systems and retry."},{"@type":"type.googleapis.com/google.rpc.Help","links":[{"description":"Google developers console API activation","url":"https://console.developers.google.com/apis/api/compute.googleapis.com/overview?project=672967817566"}]}]}},"response":{"statusCode":403}},"exit":1,"message":"Request to https://compute.googleapis.com/compute/v1/projects/672967817566 had HTTP Error: 403, Compute Engine API has not been used in project 672967817566 before or it is disabled. Enable it by visiting https://console.developers.google.com/apis/api/compute.googleapis.com/overview?project=672967817566 then retry. If you enabled this API recently, wait a few minutes for the action to propagate to our systems and retry.","status":403}
[debug] [2026-01-21T18:25:09.845Z] Checked if tokens are valid: true, expires at: 1769022366557
[debug] [2026-01-21T18:25:09.845Z] Checked if tokens are valid: true, expires at: 1769022366557
[debug] [2026-01-21T18:25:09.845Z] >>> [apiv2][query] GET https://cloudbilling.googleapis.com/v1/projects/trading-journal-db-eb6e1/billingInfo [none]
[debug] [2026-01-21T18:25:10.166Z] <<< [apiv2][status] GET https://cloudbilling.googleapis.com/v1/projects/trading-journal-db-eb6e1/billingInfo 200
[debug] [2026-01-21T18:25:10.166Z] <<< [apiv2][body] GET https://cloudbilling.googleapis.com/v1/projects/trading-journal-db-eb6e1/billingInfo {"name":"projects/trading-journal-db-eb6e1/billingInfo","projectId":"trading-journal-db-eb6e1","billingAccountName":"billingAccounts/018030-44EF2D-052D35","billingEnabled":true}
[debug] [2026-01-21T18:25:10.167Z] [functions] found 1 new HTTP functions, testing setIamPolicy permission...
[debug] [2026-01-21T18:25:10.168Z] Checked if tokens are valid: true, expires at: 1769022366557
[debug] [2026-01-21T18:25:10.168Z] Checked if tokens are valid: true, expires at: 1769022366557
[debug] [2026-01-21T18:25:10.168Z] >>> [apiv2][query] POST https://cloudresourcemanager.googleapis.com/v1/projects/trading-journal-db-eb6e1:testIamPermissions [none]
[debug] [2026-01-21T18:25:10.168Z] >>> [apiv2][(partial)header] POST https://cloudresourcemanager.googleapis.com/v1/projects/trading-journal-db-eb6e1:testIamPermissions x-goog-quota-user=projects/trading-journal-db-eb6e1
[debug] [2026-01-21T18:25:10.168Z] >>> [apiv2][body] POST https://cloudresourcemanager.googleapis.com/v1/projects/trading-journal-db-eb6e1:testIamPermissions {"permissions":["cloudfunctions.functions.setIamPolicy"]}
[debug] [2026-01-21T18:25:10.359Z] <<< [apiv2][status] POST https://cloudresourcemanager.googleapis.com/v1/projects/trading-journal-db-eb6e1:testIamPermissions 200
[debug] [2026-01-21T18:25:10.359Z] <<< [apiv2][body] POST https://cloudresourcemanager.googleapis.com/v1/projects/trading-journal-db-eb6e1:testIamPermissions {"permissions":["cloudfunctions.functions.setIamPolicy"]}
[debug] [2026-01-21T18:25:10.359Z] [functions] found setIamPolicy permission, proceeding with deploy
[debug] [2026-01-21T18:25:10.359Z] Checked if tokens are valid: true, expires at: 1769022366557
[debug] [2026-01-21T18:25:10.360Z] Checked if tokens are valid: true, expires at: 1769022366557
[debug] [2026-01-21T18:25:10.360Z] >>> [apiv2][query] POST https://cloudfunctions.googleapis.com/v2/projects/trading-journal-db-eb6e1/locations/us-central1/functions:generateUploadUrl [none]
[debug] [2026-01-21T18:25:11.621Z] <<< [apiv2][status] POST https://cloudfunctions.googleapis.com/v2/projects/trading-journal-db-eb6e1/locations/us-central1/functions:generateUploadUrl 200
[debug] [2026-01-21T18:25:11.621Z] <<< [apiv2][body] POST https://cloudfunctions.googleapis.com/v2/projects/trading-journal-db-eb6e1/locations/us-central1/functions:generateUploadUrl {"uploadUrl":"https://storage.googleapis.com/gcf-v2-uploads-672967817566.us-central1.cloudfunctions.appspot.com/07a4b3ab-c0a7-47a9-b8bf-e413153923df.zip?GoogleAccessId=service-672967817566@gcf-admin-robot.iam.gserviceaccount.com&Expires=1769021710&Signature=NOjSM5H8M0T9ePs34XvOJ9SqlfsqVcGLY2yXEB%2FQCNbBSYE1owyhtLpmQbxFT2GlK32nuCQUlz1Ja9IY06fcB%2FAwmA%2Fs8E%2BJuqpnAq9wiza6haDnUnEiI814n8fxHemK44AZ5qKFRU%2Fs1AZHTZU1tMZtUmSngmSaeNe4GmSKgS5uTabflFl%2FaMNR4%2F08djFV1GRGUko4gTQLthseXlrkJM597cunj%2BSnS5LXp3kZCoYA4eZ%2BiqcB1ivsA99EOlAb467DEbEMZweNmRUWsOvETB2Ldi1ihO6k8dsbobAySgtfplQdbejrn0GNeBY5gbwt6d8pSXd8u4YLp9pdlUFtMw%3D%3D","storageSource":{"bucket":"gcf-v2-uploads-672967817566.us-central1.cloudfunctions.appspot.com","object":"07a4b3ab-c0a7-47a9-b8bf-e413153923df.zip"}}
[debug] [2026-01-21T18:25:11.622Z] >>> [apiv2][query] PUT https://storage.googleapis.com/gcf-v2-uploads-672967817566.us-central1.cloudfunctions.appspot.com/07a4b3ab-c0a7-47a9-b8bf-e413153923df.zip GoogleAccessId=service-672967817566%40gcf-admin-robot.iam.gserviceaccount.com&Expires=1769021710&Signature=NOjSM5H8M0T9ePs34XvOJ9SqlfsqVcGLY2yXEB%2FQCNbBSYE1owyhtLpmQbxFT2GlK32nuCQUlz1Ja9IY06fcB%2FAwmA%2Fs8E%2BJuqpnAq9wiza6haDnUnEiI814n8fxHemK44AZ5qKFRU%2Fs1AZHTZU1tMZtUmSngmSaeNe4GmSKgS5uTabflFl%2FaMNR4%2F08djFV1GRGUko4gTQLthseXlrkJM597cunj%2BSnS5LXp3kZCoYA4eZ%2BiqcB1ivsA99EOlAb467DEbEMZweNmRUWsOvETB2Ldi1ihO6k8dsbobAySgtfplQdbejrn0GNeBY5gbwt6d8pSXd8u4YLp9pdlUFtMw%3D%3D
[debug] [2026-01-21T18:25:11.622Z] >>> [apiv2][body] PUT https://storage.googleapis.com/gcf-v2-uploads-672967817566.us-central1.cloudfunctions.appspot.com/07a4b3ab-c0a7-47a9-b8bf-e413153923df.zip [stream]
[debug] [2026-01-21T18:25:12.294Z] <<< [apiv2][status] PUT https://storage.googleapis.com/gcf-v2-uploads-672967817566.us-central1.cloudfunctions.appspot.com/07a4b3ab-c0a7-47a9-b8bf-e413153923df.zip 200
[debug] [2026-01-21T18:25:12.294Z] <<< [apiv2][body] PUT https://storage.googleapis.com/gcf-v2-uploads-672967817566.us-central1.cloudfunctions.appspot.com/07a4b3ab-c0a7-47a9-b8bf-e413153923df.zip [omitted]
[info] +  functions: functions source uploaded successfully 
[info] i  functions: creating Node.js 24 (2nd Gen) function logTrade(us-central1)... 
[debug] [2026-01-21T18:25:12.301Z] Checked if tokens are valid: true, expires at: 1769022366557
[debug] [2026-01-21T18:25:12.301Z] Checked if tokens are valid: true, expires at: 1769022366557
[debug] [2026-01-21T18:25:12.301Z] >>> [apiv2][query] POST https://cloudfunctions.googleapis.com/v2/projects/trading-journal-db-eb6e1/locations/us-central1/functions functionId=logTrade
[debug] [2026-01-21T18:25:12.301Z] >>> [apiv2][body] POST https://cloudfunctions.googleapis.com/v2/projects/trading-journal-db-eb6e1/locations/us-central1/functions {"name":"projects/trading-journal-db-eb6e1/locations/us-central1/functions/logTrade","buildConfig":{"runtime":"nodejs24","entryPoint":"logTrade","source":{"storageSource":{"bucket":"gcf-v2-uploads-672967817566.us-central1.cloudfunctions.appspot.com","object":"07a4b3ab-c0a7-47a9-b8bf-e413153923df.zip"}},"environmentVariables":{"GOOGLE_NODE_RUN_SCRIPTS":""}},"serviceConfig":{"environmentVariables":{"FIREBASE_CONFIG":"{\"projectId\":\"trading-journal-db-eb6e1\",\"storageBucket\":\"trading-journal-db-eb6e1.firebasestorage.app\"}","GCLOUD_PROJECT":"trading-journal-db-eb6e1","EVENTARC_CLOUD_EVENT_SOURCE":"projects/trading-journal-db-eb6e1/locations/us-central1/services/logTrade","FUNCTION_TARGET":"logTrade","LOG_EXECUTION_ID":"true"},"ingressSettings":null,"timeoutSeconds":null,"serviceAccountEmail":null,"availableMemory":"256Mi","minInstanceCount":null,"maxInstanceCount":null,"maxInstanceRequestConcurrency":80,"availableCpu":"1","vpcConnector":null,"vpcConnectorEgressSettings":null},"labels":{"deployment-tool":"cli-firebase","firebase-functions-hash":"5c4e7168386ab971f882d0f4a5fab52ec564874c"}}
[debug] [2026-01-21T18:25:14.138Z] <<< [apiv2][status] POST https://cloudfunctions.googleapis.com/v2/projects/trading-journal-db-eb6e1/locations/us-central1/functions 200
[debug] [2026-01-21T18:25:14.138Z] <<< [apiv2][body] POST https://cloudfunctions.googleapis.com/v2/projects/trading-journal-db-eb6e1/locations/us-central1/functions {"name":"projects/trading-journal-db-eb6e1/locations/us-central1/operations/operation-1769019911113-648ea0b670bf0-a3db8e2c-fea82d48","metadata":{"@type":"type.googleapis.com/google.cloud.functions.v2.OperationMetadata","createTime":"2026-01-21T18:25:12.740829669Z","target":"projects/trading-journal-db-eb6e1/locations/us-central1/functions/logTrade","verb":"create","cancelRequested":false,"apiVersion":"v2"},"done":false}
[debug] [2026-01-21T18:25:14.139Z] Checked if tokens are valid: true, expires at: 1769022366557
[debug] [2026-01-21T18:25:14.139Z] Checked if tokens are valid: true, expires at: 1769022366557
[debug] [2026-01-21T18:25:14.139Z] >>> [apiv2][query] GET https://cloudfunctions.googleapis.com/v2/projects/trading-journal-db-eb6e1/locations/us-central1/operations/operation-1769019911113-648ea0b670bf0-a3db8e2c-fea82d48 [none]
[debug] [2026-01-21T18:25:14.863Z] <<< [apiv2][status] GET https://cloudfunctions.googleapis.com/v2/projects/trading-journal-db-eb6e1/locations/us-central1/operations/operation-1769019911113-648ea0b670bf0-a3db8e2c-fea82d48 200
[debug] [2026-01-21T18:25:14.864Z] <<< [apiv2][body] GET https://cloudfunctions.googleapis.com/v2/projects/trading-journal-db-eb6e1/locations/us-central1/operations/operation-1769019911113-648ea0b670bf0-a3db8e2c-fea82d48 {"name":"projects/trading-journal-db-eb6e1/locations/us-central1/operations/operation-1769019911113-648ea0b670bf0-a3db8e2c-fea82d48","metadata":{"@type":"type.googleapis.com/google.cloud.functions.v2.OperationMetadata","createTime":"2026-01-21T18:25:12.740829669Z","target":"projects/trading-journal-db-eb6e1/locations/us-central1/functions/logTrade","verb":"create","cancelRequested":false,"apiVersion":"v2","requestResource":{"@type":"type.googleapis.com/google.cloud.functions.v2.Function","name":"projects/trading-journal-db-eb6e1/locations/us-central1/functions/logTrade","buildConfig":{"runtime":"nodejs24","entryPoint":"logTrade","source":{"storageSource":{"bucket":"gcf-v2-sources-672967817566-us-central1","object":"logTrade/function-source.zip","generation":"1769019911805713"}},"environmentVariables":{"GOOGLE_NODE_RUN_SCRIPTS":""},"serviceAccount":"projects/trading-journal-db-eb6e1/serviceAccounts/672967817566-compute@developer.gserviceaccount.com","automaticUpdatePolicy":{}},"serviceConfig":{"service":"projects/trading-journal-db-eb6e1/locations/us-central1/services/logtrade","timeoutSeconds":60,"environmentVariables":{"FIREBASE_CONFIG":"{\"projectId\":\"trading-journal-db-eb6e1\",\"storageBucket\":\"trading-journal-db-eb6e1.firebasestorage.app\"}","GCLOUD_PROJECT":"trading-journal-db-eb6e1","EVENTARC_CLOUD_EVENT_SOURCE":"projects/trading-journal-db-eb6e1/locations/us-central1/services/logTrade","FUNCTION_TARGET":"logTrade","LOG_EXECUTION_ID":"true"},"ingressSettings":"ALLOW_ALL","serviceAccountEmail":"672967817566-compute@developer.gserviceaccount.com","availableMemory":"256Mi","maxInstanceRequestConcurrency":80,"availableCpu":"1"},"labels":{"deployment-tool":"cli-firebase","firebase-functions-hash":"5c4e7168386ab971f882d0f4a5fab52ec564874c"},"environment":"GEN_2"},"stages":[{"name":"BUILD","state":"NOT_STARTED"},{"name":"SERVICE","state":"NOT_STARTED"}],"operationType":"CREATE_FUNCTION"},"done":false}
[debug] [2026-01-21T18:25:15.376Z] [create-default-us-central1-logTrade] Retrying task index 0
[debug] [2026-01-21T18:25:15.376Z] Checked if tokens are valid: true, expires at: 1769022366557
[debug] [2026-01-21T18:25:15.376Z] Checked if tokens are valid: true, expires at: 1769022366557
[debug] [2026-01-21T18:25:15.376Z] >>> [apiv2][query] GET https://cloudfunctions.googleapis.com/v2/projects/trading-journal-db-eb6e1/locations/us-central1/operations/operation-1769019911113-648ea0b670bf0-a3db8e2c-fea82d48 [none]
[debug] [2026-01-21T18:25:16.108Z] <<< [apiv2][status] GET https://cloudfunctions.googleapis.com/v2/projects/trading-journal-db-eb6e1/locations/us-central1/operations/operation-1769019911113-648ea0b670bf0-a3db8e2c-fea82d48 200
[debug] [2026-01-21T18:25:16.109Z] <<< [apiv2][body] GET https://cloudfunctions.googleapis.com/v2/projects/trading-journal-db-eb6e1/locations/us-central1/operations/operation-1769019911113-648ea0b670bf0-a3db8e2c-fea82d48 {"name":"projects/trading-journal-db-eb6e1/locations/us-central1/operations/operation-1769019911113-648ea0b670bf0-a3db8e2c-fea82d48","metadata":{"@type":"type.googleapis.com/google.cloud.functions.v2.OperationMetadata","createTime":"2026-01-21T18:25:12.740829669Z","target":"projects/trading-journal-db-eb6e1/locations/us-central1/functions/logTrade","verb":"create","cancelRequested":false,"apiVersion":"v2","requestResource":{"@type":"type.googleapis.com/google.cloud.functions.v2.Function","name":"projects/trading-journal-db-eb6e1/locations/us-central1/functions/logTrade","buildConfig":{"runtime":"nodejs24","entryPoint":"logTrade","source":{"storageSource":{"bucket":"gcf-v2-sources-672967817566-us-central1","object":"logTrade/function-source.zip","generation":"1769019911805713"}},"environmentVariables":{"GOOGLE_NODE_RUN_SCRIPTS":""},"serviceAccount":"projects/trading-journal-db-eb6e1/serviceAccounts/672967817566-compute@developer.gserviceaccount.com","automaticUpdatePolicy":{}},"serviceConfig":{"service":"projects/trading-journal-db-eb6e1/locations/us-central1/services/logtrade","timeoutSeconds":60,"environmentVariables":{"FIREBASE_CONFIG":"{\"projectId\":\"trading-journal-db-eb6e1\",\"storageBucket\":\"trading-journal-db-eb6e1.firebasestorage.app\"}","GCLOUD_PROJECT":"trading-journal-db-eb6e1","EVENTARC_CLOUD_EVENT_SOURCE":"projects/trading-journal-db-eb6e1/locations/us-central1/services/logTrade","FUNCTION_TARGET":"logTrade","LOG_EXECUTION_ID":"true"},"ingressSettings":"ALLOW_ALL","serviceAccountEmail":"672967817566-compute@developer.gserviceaccount.com","availableMemory":"256Mi","maxInstanceRequestConcurrency":80,"availableCpu":"1"},"labels":{"deployment-tool":"cli-firebase","firebase-functions-hash":"5c4e7168386ab971f882d0f4a5fab52ec564874c"},"environment":"GEN_2"},"stages":[{"name":"BUILD","state":"NOT_STARTED"},{"name":"SERVICE","state":"NOT_STARTED"}],"operationType":"CREATE_FUNCTION"},"done":false}
[debug] [2026-01-21T18:25:17.114Z] [create-default-us-central1-logTrade] Retrying task index 0
[debug] [2026-01-21T18:25:17.114Z] Checked if tokens are valid: true, expires at: 1769022366557
[debug] [2026-01-21T18:25:17.114Z] Checked if tokens are valid: true, expires at: 1769022366557
[debug] [2026-01-21T18:25:17.114Z] >>> [apiv2][query] GET https://cloudfunctions.googleapis.com/v2/projects/trading-journal-db-eb6e1/locations/us-central1/operations/operation-1769019911113-648ea0b670bf0-a3db8e2c-fea82d48 [none]
[debug] [2026-01-21T18:25:17.861Z] <<< [apiv2][status] GET https://cloudfunctions.googleapis.com/v2/projects/trading-journal-db-eb6e1/locations/us-central1/operations/operation-1769019911113-648ea0b670bf0-a3db8e2c-fea82d48 200
[debug] [2026-01-21T18:25:17.862Z] <<< [apiv2][body] GET https://cloudfunctions.googleapis.com/v2/projects/trading-journal-db-eb6e1/locations/us-central1/operations/operation-1769019911113-648ea0b670bf0-a3db8e2c-fea82d48 {"name":"projects/trading-journal-db-eb6e1/locations/us-central1/operations/operation-1769019911113-648ea0b670bf0-a3db8e2c-fea82d48","metadata":{"@type":"type.googleapis.com/google.cloud.functions.v2.OperationMetadata","createTime":"2026-01-21T18:25:12.740829669Z","target":"projects/trading-journal-db-eb6e1/locations/us-central1/functions/logTrade","verb":"create","cancelRequested":false,"apiVersion":"v2","requestResource":{"@type":"type.googleapis.com/google.cloud.functions.v2.Function","name":"projects/trading-journal-db-eb6e1/locations/us-central1/functions/logTrade","buildConfig":{"runtime":"nodejs24","entryPoint":"logTrade","source":{"storageSource":{"bucket":"gcf-v2-sources-672967817566-us-central1","object":"logTrade/function-source.zip","generation":"1769019911805713"}},"environmentVariables":{"GOOGLE_NODE_RUN_SCRIPTS":""},"serviceAccount":"projects/trading-journal-db-eb6e1/serviceAccounts/672967817566-compute@developer.gserviceaccount.com","automaticUpdatePolicy":{}},"serviceConfig":{"service":"projects/trading-journal-db-eb6e1/locations/us-central1/services/logtrade","timeoutSeconds":60,"environmentVariables":{"FIREBASE_CONFIG":"{\"projectId\":\"trading-journal-db-eb6e1\",\"storageBucket\":\"trading-journal-db-eb6e1.firebasestorage.app\"}","GCLOUD_PROJECT":"trading-journal-db-eb6e1","EVENTARC_CLOUD_EVENT_SOURCE":"projects/trading-journal-db-eb6e1/locations/us-central1/services/logTrade","FUNCTION_TARGET":"logTrade","LOG_EXECUTION_ID":"true"},"ingressSettings":"ALLOW_ALL","serviceAccountEmail":"672967817566-compute@developer.gserviceaccount.com","availableMemory":"256Mi","maxInstanceRequestConcurrency":80,"availableCpu":"1"},"labels":{"deployment-tool":"cli-firebase","firebase-functions-hash":"5c4e7168386ab971f882d0f4a5fab52ec564874c"},"environment":"GEN_2"},"stages":[{"name":"BUILD","state":"NOT_STARTED"},{"name":"SERVICE","state":"NOT_STARTED"}],"operationType":"CREATE_FUNCTION"},"done":false}
[debug] [2026-01-21T18:25:19.876Z] [create-default-us-central1-logTrade] Retrying task index 0
[debug] [2026-01-21T18:25:19.876Z] Checked if tokens are valid: true, expires at: 1769022366557
[debug] [2026-01-21T18:25:19.877Z] Checked if tokens are valid: true, expires at: 1769022366557
[debug] [2026-01-21T18:25:19.877Z] >>> [apiv2][query] GET https://cloudfunctions.googleapis.com/v2/projects/trading-journal-db-eb6e1/locations/us-central1/operations/operation-1769019911113-648ea0b670bf0-a3db8e2c-fea82d48 [none]
[debug] [2026-01-21T18:25:20.602Z] <<< [apiv2][status] GET https://cloudfunctions.googleapis.com/v2/projects/trading-journal-db-eb6e1/locations/us-central1/operations/operation-1769019911113-648ea0b670bf0-a3db8e2c-fea82d48 200
[debug] [2026-01-21T18:25:20.602Z] <<< [apiv2][body] GET https://cloudfunctions.googleapis.com/v2/projects/trading-journal-db-eb6e1/locations/us-central1/operations/operation-1769019911113-648ea0b670bf0-a3db8e2c-fea82d48 {"name":"projects/trading-journal-db-eb6e1/locations/us-central1/operations/operation-1769019911113-648ea0b670bf0-a3db8e2c-fea82d48","metadata":{"@type":"type.googleapis.com/google.cloud.functions.v2.OperationMetadata","createTime":"2026-01-21T18:25:12.740829669Z","target":"projects/trading-journal-db-eb6e1/locations/us-central1/functions/logTrade","verb":"create","cancelRequested":false,"apiVersion":"v2","requestResource":{"@type":"type.googleapis.com/google.cloud.functions.v2.Function","name":"projects/trading-journal-db-eb6e1/locations/us-central1/functions/logTrade","buildConfig":{"runtime":"nodejs24","entryPoint":"logTrade","source":{"storageSource":{"bucket":"gcf-v2-sources-672967817566-us-central1","object":"logTrade/function-source.zip","generation":"1769019911805713"}},"environmentVariables":{"GOOGLE_NODE_RUN_SCRIPTS":""},"serviceAccount":"projects/trading-journal-db-eb6e1/serviceAccounts/672967817566-compute@developer.gserviceaccount.com","automaticUpdatePolicy":{}},"serviceConfig":{"service":"projects/trading-journal-db-eb6e1/locations/us-central1/services/logtrade","timeoutSeconds":60,"environmentVariables":{"FIREBASE_CONFIG":"{\"projectId\":\"trading-journal-db-eb6e1\",\"storageBucket\":\"trading-journal-db-eb6e1.firebasestorage.app\"}","GCLOUD_PROJECT":"trading-journal-db-eb6e1","EVENTARC_CLOUD_EVENT_SOURCE":"projects/trading-journal-db-eb6e1/locations/us-central1/services/logTrade","FUNCTION_TARGET":"logTrade","LOG_EXECUTION_ID":"true"},"ingressSettings":"ALLOW_ALL","serviceAccountEmail":"672967817566-compute@developer.gserviceaccount.com","availableMemory":"256Mi","maxInstanceRequestConcurrency":80,"availableCpu":"1"},"labels":{"deployment-tool":"cli-firebase","firebase-functions-hash":"5c4e7168386ab971f882d0f4a5fab52ec564874c"},"environment":"GEN_2"},"stages":[{"name":"BUILD","state":"NOT_STARTED"},{"name":"SERVICE","state":"NOT_STARTED"}],"operationType":"CREATE_FUNCTION"},"done":false}
[debug] [2026-01-21T18:25:24.607Z] [create-default-us-central1-logTrade] Retrying task index 0
[debug] [2026-01-21T18:25:24.608Z] Checked if tokens are valid: true, expires at: 1769022366557
[debug] [2026-01-21T18:25:24.608Z] Checked if tokens are valid: true, expires at: 1769022366557
[debug] [2026-01-21T18:25:24.608Z] >>> [apiv2][query] GET https://cloudfunctions.googleapis.com/v2/projects/trading-journal-db-eb6e1/locations/us-central1/operations/operation-1769019911113-648ea0b670bf0-a3db8e2c-fea82d48 [none]
[debug] [2026-01-21T18:25:24.819Z] <<< [apiv2][status] GET https://cloudfunctions.googleapis.com/v2/projects/trading-journal-db-eb6e1/locations/us-central1/operations/operation-1769019911113-648ea0b670bf0-a3db8e2c-fea82d48 200
[debug] [2026-01-21T18:25:24.819Z] <<< [apiv2][body] GET https://cloudfunctions.googleapis.com/v2/projects/trading-journal-db-eb6e1/locations/us-central1/operations/operation-1769019911113-648ea0b670bf0-a3db8e2c-fea82d48 {"name":"projects/trading-journal-db-eb6e1/locations/us-central1/operations/operation-1769019911113-648ea0b670bf0-a3db8e2c-fea82d48","metadata":{"@type":"type.googleapis.com/google.cloud.functions.v2.OperationMetadata","createTime":"2026-01-21T18:25:12.740829669Z","target":"projects/trading-journal-db-eb6e1/locations/us-central1/functions/logTrade","verb":"create","cancelRequested":false,"apiVersion":"v2","requestResource":{"@type":"type.googleapis.com/google.cloud.functions.v2.Function","name":"projects/trading-journal-db-eb6e1/locations/us-central1/functions/logTrade","buildConfig":{"runtime":"nodejs24","entryPoint":"logTrade","source":{"storageSource":{"bucket":"gcf-v2-sources-672967817566-us-central1","object":"logTrade/function-source.zip","generation":"1769019911805713"}},"environmentVariables":{"GOOGLE_NODE_RUN_SCRIPTS":""},"serviceAccount":"projects/trading-journal-db-eb6e1/serviceAccounts/672967817566-compute@developer.gserviceaccount.com","automaticUpdatePolicy":{}},"serviceConfig":{"service":"projects/trading-journal-db-eb6e1/locations/us-central1/services/logtrade","timeoutSeconds":60,"environmentVariables":{"FIREBASE_CONFIG":"{\"projectId\":\"trading-journal-db-eb6e1\",\"storageBucket\":\"trading-journal-db-eb6e1.firebasestorage.app\"}","GCLOUD_PROJECT":"trading-journal-db-eb6e1","EVENTARC_CLOUD_EVENT_SOURCE":"projects/trading-journal-db-eb6e1/locations/us-central1/services/logTrade","FUNCTION_TARGET":"logTrade","LOG_EXECUTION_ID":"true"},"ingressSettings":"ALLOW_ALL","serviceAccountEmail":"672967817566-compute@developer.gserviceaccount.com","availableMemory":"256Mi","maxInstanceRequestConcurrency":80,"availableCpu":"1"},"labels":{"deployment-tool":"cli-firebase","firebase-functions-hash":"5c4e7168386ab971f882d0f4a5fab52ec564874c"},"environment":"GEN_2"},"stages":[{"name":"BUILD","state":"NOT_STARTED"},{"name":"SERVICE","state":"NOT_STARTED"}],"operationType":"CREATE_FUNCTION"},"done":false}
[debug] [2026-01-21T18:25:32.829Z] [create-default-us-central1-logTrade] Retrying task index 0
[debug] [2026-01-21T18:25:32.829Z] Checked if tokens are valid: true, expires at: 1769022366557
[debug] [2026-01-21T18:25:32.829Z] Checked if tokens are valid: true, expires at: 1769022366557
[debug] [2026-01-21T18:25:32.830Z] >>> [apiv2][query] GET https://cloudfunctions.googleapis.com/v2/projects/trading-journal-db-eb6e1/locations/us-central1/operations/operation-1769019911113-648ea0b670bf0-a3db8e2c-fea82d48 [none]
[debug] [2026-01-21T18:25:33.687Z] <<< [apiv2][status] GET https://cloudfunctions.googleapis.com/v2/projects/trading-journal-db-eb6e1/locations/us-central1/operations/operation-1769019911113-648ea0b670bf0-a3db8e2c-fea82d48 200
[debug] [2026-01-21T18:25:33.687Z] <<< [apiv2][body] GET https://cloudfunctions.googleapis.com/v2/projects/trading-journal-db-eb6e1/locations/us-central1/operations/operation-1769019911113-648ea0b670bf0-a3db8e2c-fea82d48 {"name":"projects/trading-journal-db-eb6e1/locations/us-central1/operations/operation-1769019911113-648ea0b670bf0-a3db8e2c-fea82d48","metadata":{"@type":"type.googleapis.com/google.cloud.functions.v2.OperationMetadata","createTime":"2026-01-21T18:25:12.740829669Z","target":"projects/trading-journal-db-eb6e1/locations/us-central1/functions/logTrade","verb":"create","cancelRequested":false,"apiVersion":"v2","requestResource":{"@type":"type.googleapis.com/google.cloud.functions.v2.Function","name":"projects/trading-journal-db-eb6e1/locations/us-central1/functions/logTrade","buildConfig":{"runtime":"nodejs24","entryPoint":"logTrade","source":{"storageSource":{"bucket":"gcf-v2-sources-672967817566-us-central1","object":"logTrade/function-source.zip","generation":"1769019911805713"}},"environmentVariables":{"GOOGLE_NODE_RUN_SCRIPTS":""},"serviceAccount":"projects/trading-journal-db-eb6e1/serviceAccounts/672967817566-compute@developer.gserviceaccount.com","automaticUpdatePolicy":{}},"serviceConfig":{"service":"projects/trading-journal-db-eb6e1/locations/us-central1/services/logtrade","timeoutSeconds":60,"environmentVariables":{"FIREBASE_CONFIG":"{\"projectId\":\"trading-journal-db-eb6e1\",\"storageBucket\":\"trading-journal-db-eb6e1.firebasestorage.app\"}","GCLOUD_PROJECT":"trading-journal-db-eb6e1","EVENTARC_CLOUD_EVENT_SOURCE":"projects/trading-journal-db-eb6e1/locations/us-central1/services/logTrade","FUNCTION_TARGET":"logTrade","LOG_EXECUTION_ID":"true"},"ingressSettings":"ALLOW_ALL","serviceAccountEmail":"672967817566-compute@developer.gserviceaccount.com","availableMemory":"256Mi","maxInstanceRequestConcurrency":80,"availableCpu":"1"},"labels":{"deployment-tool":"cli-firebase","firebase-functions-hash":"5c4e7168386ab971f882d0f4a5fab52ec564874c"},"environment":"GEN_2"},"stages":[{"name":"BUILD","message":"Build in progress","state":"IN_PROGRESS","resource":"projects/672967817566/locations/us-central1/builds/8daac4c3-5e6c-45a9-8130-316fe647415e","resourceUri":"https://console.cloud.google.com/cloud-build/builds;region=us-central1/8daac4c3-5e6c-45a9-8130-316fe647415e?project=672967817566"},{"name":"SERVICE","state":"NOT_STARTED"}],"operationType":"CREATE_FUNCTION","buildName":"projects/672967817566/locations/us-central1/builds/8daac4c3-5e6c-45a9-8130-316fe647415e"},"done":false}
[debug] [2026-01-21T18:25:43.695Z] [create-default-us-central1-logTrade] Retrying task index 0
[debug] [2026-01-21T18:25:43.695Z] Checked if tokens are valid: true, expires at: 1769022366557
[debug] [2026-01-21T18:25:43.696Z] Checked if tokens are valid: true, expires at: 1769022366557
[debug] [2026-01-21T18:25:43.696Z] >>> [apiv2][query] GET https://cloudfunctions.googleapis.com/v2/projects/trading-journal-db-eb6e1/locations/us-central1/operations/operation-1769019911113-648ea0b670bf0-a3db8e2c-fea82d48 [none]
[debug] [2026-01-21T18:25:44.530Z] <<< [apiv2][status] GET https://cloudfunctions.googleapis.com/v2/projects/trading-journal-db-eb6e1/locations/us-central1/operations/operation-1769019911113-648ea0b670bf0-a3db8e2c-fea82d48 200
[debug] [2026-01-21T18:25:44.530Z] <<< [apiv2][body] GET https://cloudfunctions.googleapis.com/v2/projects/trading-journal-db-eb6e1/locations/us-central1/operations/operation-1769019911113-648ea0b670bf0-a3db8e2c-fea82d48 {"name":"projects/trading-journal-db-eb6e1/locations/us-central1/operations/operation-1769019911113-648ea0b670bf0-a3db8e2c-fea82d48","metadata":{"@type":"type.googleapis.com/google.cloud.functions.v2.OperationMetadata","createTime":"2026-01-21T18:25:12.740829669Z","target":"projects/trading-journal-db-eb6e1/locations/us-central1/functions/logTrade","verb":"create","cancelRequested":false,"apiVersion":"v2","requestResource":{"@type":"type.googleapis.com/google.cloud.functions.v2.Function","name":"projects/trading-journal-db-eb6e1/locations/us-central1/functions/logTrade","buildConfig":{"runtime":"nodejs24","entryPoint":"logTrade","source":{"storageSource":{"bucket":"gcf-v2-sources-672967817566-us-central1","object":"logTrade/function-source.zip","generation":"1769019911805713"}},"environmentVariables":{"GOOGLE_NODE_RUN_SCRIPTS":""},"serviceAccount":"projects/trading-journal-db-eb6e1/serviceAccounts/672967817566-compute@developer.gserviceaccount.com","automaticUpdatePolicy":{}},"serviceConfig":{"service":"projects/trading-journal-db-eb6e1/locations/us-central1/services/logtrade","timeoutSeconds":60,"environmentVariables":{"FIREBASE_CONFIG":"{\"projectId\":\"trading-journal-db-eb6e1\",\"storageBucket\":\"trading-journal-db-eb6e1.firebasestorage.app\"}","GCLOUD_PROJECT":"trading-journal-db-eb6e1","EVENTARC_CLOUD_EVENT_SOURCE":"projects/trading-journal-db-eb6e1/locations/us-central1/services/logTrade","FUNCTION_TARGET":"logTrade","LOG_EXECUTION_ID":"true"},"ingressSettings":"ALLOW_ALL","serviceAccountEmail":"672967817566-compute@developer.gserviceaccount.com","availableMemory":"256Mi","maxInstanceRequestConcurrency":80,"availableCpu":"1"},"labels":{"deployment-tool":"cli-firebase","firebase-functions-hash":"5c4e7168386ab971f882d0f4a5fab52ec564874c"},"environment":"GEN_2"},"stages":[{"name":"BUILD","message":"Build in progress","state":"IN_PROGRESS","resource":"projects/672967817566/locations/us-central1/builds/8daac4c3-5e6c-45a9-8130-316fe647415e","resourceUri":"https://console.cloud.google.com/cloud-build/builds;region=us-central1/8daac4c3-5e6c-45a9-8130-316fe647415e?project=672967817566"},{"name":"SERVICE","state":"NOT_STARTED"}],"operationType":"CREATE_FUNCTION","buildName":"projects/672967817566/locations/us-central1/builds/8daac4c3-5e6c-45a9-8130-316fe647415e"},"done":false}
[debug] [2026-01-21T18:25:54.545Z] [create-default-us-central1-logTrade] Retrying task index 0
[debug] [2026-01-21T18:25:54.545Z] Checked if tokens are valid: true, expires at: 1769022366557
[debug] [2026-01-21T18:25:54.545Z] Checked if tokens are valid: true, expires at: 1769022366557
[debug] [2026-01-21T18:25:54.545Z] >>> [apiv2][query] GET https://cloudfunctions.googleapis.com/v2/projects/trading-journal-db-eb6e1/locations/us-central1/operations/operation-1769019911113-648ea0b670bf0-a3db8e2c-fea82d48 [none]
[debug] [2026-01-21T18:25:55.371Z] <<< [apiv2][status] GET https://cloudfunctions.googleapis.com/v2/projects/trading-journal-db-eb6e1/locations/us-central1/operations/operation-1769019911113-648ea0b670bf0-a3db8e2c-fea82d48 200
[debug] [2026-01-21T18:25:55.371Z] <<< [apiv2][body] GET https://cloudfunctions.googleapis.com/v2/projects/trading-journal-db-eb6e1/locations/us-central1/operations/operation-1769019911113-648ea0b670bf0-a3db8e2c-fea82d48 {"name":"projects/trading-journal-db-eb6e1/locations/us-central1/operations/operation-1769019911113-648ea0b670bf0-a3db8e2c-fea82d48","metadata":{"@type":"type.googleapis.com/google.cloud.functions.v2.OperationMetadata","createTime":"2026-01-21T18:25:12.740829669Z","target":"projects/trading-journal-db-eb6e1/locations/us-central1/functions/logTrade","verb":"create","cancelRequested":false,"apiVersion":"v2","requestResource":{"@type":"type.googleapis.com/google.cloud.functions.v2.Function","name":"projects/trading-journal-db-eb6e1/locations/us-central1/functions/logTrade","buildConfig":{"runtime":"nodejs24","entryPoint":"logTrade","source":{"storageSource":{"bucket":"gcf-v2-sources-672967817566-us-central1","object":"logTrade/function-source.zip","generation":"1769019911805713"}},"environmentVariables":{"GOOGLE_NODE_RUN_SCRIPTS":""},"serviceAccount":"projects/trading-journal-db-eb6e1/serviceAccounts/672967817566-compute@developer.gserviceaccount.com","automaticUpdatePolicy":{}},"serviceConfig":{"service":"projects/trading-journal-db-eb6e1/locations/us-central1/services/logtrade","timeoutSeconds":60,"environmentVariables":{"FIREBASE_CONFIG":"{\"projectId\":\"trading-journal-db-eb6e1\",\"storageBucket\":\"trading-journal-db-eb6e1.firebasestorage.app\"}","GCLOUD_PROJECT":"trading-journal-db-eb6e1","EVENTARC_CLOUD_EVENT_SOURCE":"projects/trading-journal-db-eb6e1/locations/us-central1/services/logTrade","FUNCTION_TARGET":"logTrade","LOG_EXECUTION_ID":"true"},"ingressSettings":"ALLOW_ALL","serviceAccountEmail":"672967817566-compute@developer.gserviceaccount.com","availableMemory":"256Mi","maxInstanceRequestConcurrency":80,"availableCpu":"1"},"labels":{"deployment-tool":"cli-firebase","firebase-functions-hash":"5c4e7168386ab971f882d0f4a5fab52ec564874c"},"environment":"GEN_2"},"stages":[{"name":"BUILD","message":"Build in progress","state":"IN_PROGRESS","resource":"projects/672967817566/locations/us-central1/builds/8daac4c3-5e6c-45a9-8130-316fe647415e","resourceUri":"https://console.cloud.google.com/cloud-build/builds;region=us-central1/8daac4c3-5e6c-45a9-8130-316fe647415e?project=672967817566"},{"name":"SERVICE","state":"NOT_STARTED"}],"operationType":"CREATE_FUNCTION","buildName":"projects/672967817566/locations/us-central1/builds/8daac4c3-5e6c-45a9-8130-316fe647415e"},"done":false}
[debug] [2026-01-21T18:26:05.384Z] [create-default-us-central1-logTrade] Retrying task index 0
[debug] [2026-01-21T18:26:05.384Z] Checked if tokens are valid: true, expires at: 1769022366557
[debug] [2026-01-21T18:26:05.384Z] Checked if tokens are valid: true, expires at: 1769022366557
[debug] [2026-01-21T18:26:05.384Z] >>> [apiv2][query] GET https://cloudfunctions.googleapis.com/v2/projects/trading-journal-db-eb6e1/locations/us-central1/operations/operation-1769019911113-648ea0b670bf0-a3db8e2c-fea82d48 [none]
[debug] [2026-01-21T18:26:06.231Z] <<< [apiv2][status] GET https://cloudfunctions.googleapis.com/v2/projects/trading-journal-db-eb6e1/locations/us-central1/operations/operation-1769019911113-648ea0b670bf0-a3db8e2c-fea82d48 200
[debug] [2026-01-21T18:26:06.231Z] <<< [apiv2][body] GET https://cloudfunctions.googleapis.com/v2/projects/trading-journal-db-eb6e1/locations/us-central1/operations/operation-1769019911113-648ea0b670bf0-a3db8e2c-fea82d48 {"name":"projects/trading-journal-db-eb6e1/locations/us-central1/operations/operation-1769019911113-648ea0b670bf0-a3db8e2c-fea82d48","metadata":{"@type":"type.googleapis.com/google.cloud.functions.v2.OperationMetadata","createTime":"2026-01-21T18:25:12.740829669Z","target":"projects/trading-journal-db-eb6e1/locations/us-central1/functions/logTrade","verb":"create","cancelRequested":false,"apiVersion":"v2","requestResource":{"@type":"type.googleapis.com/google.cloud.functions.v2.Function","name":"projects/trading-journal-db-eb6e1/locations/us-central1/functions/logTrade","buildConfig":{"runtime":"nodejs24","entryPoint":"logTrade","source":{"storageSource":{"bucket":"gcf-v2-sources-672967817566-us-central1","object":"logTrade/function-source.zip","generation":"1769019911805713"}},"environmentVariables":{"GOOGLE_NODE_RUN_SCRIPTS":""},"serviceAccount":"projects/trading-journal-db-eb6e1/serviceAccounts/672967817566-compute@developer.gserviceaccount.com","automaticUpdatePolicy":{}},"serviceConfig":{"service":"projects/trading-journal-db-eb6e1/locations/us-central1/services/logtrade","timeoutSeconds":60,"environmentVariables":{"FIREBASE_CONFIG":"{\"projectId\":\"trading-journal-db-eb6e1\",\"storageBucket\":\"trading-journal-db-eb6e1.firebasestorage.app\"}","GCLOUD_PROJECT":"trading-journal-db-eb6e1","EVENTARC_CLOUD_EVENT_SOURCE":"projects/trading-journal-db-eb6e1/locations/us-central1/services/logTrade","FUNCTION_TARGET":"logTrade","LOG_EXECUTION_ID":"true"},"ingressSettings":"ALLOW_ALL","serviceAccountEmail":"672967817566-compute@developer.gserviceaccount.com","availableMemory":"256Mi","maxInstanceRequestConcurrency":80,"availableCpu":"1"},"labels":{"deployment-tool":"cli-firebase","firebase-functions-hash":"5c4e7168386ab971f882d0f4a5fab52ec564874c"},"environment":"GEN_2"},"stages":[{"name":"BUILD","message":"Build in progress","state":"IN_PROGRESS","resource":"projects/672967817566/locations/us-central1/builds/8daac4c3-5e6c-45a9-8130-316fe647415e","resourceUri":"https://console.cloud.google.com/cloud-build/builds;region=us-central1/8daac4c3-5e6c-45a9-8130-316fe647415e?project=672967817566"},{"name":"SERVICE","state":"NOT_STARTED"}],"operationType":"CREATE_FUNCTION","buildName":"projects/672967817566/locations/us-central1/builds/8daac4c3-5e6c-45a9-8130-316fe647415e"},"done":false}
[debug] [2026-01-21T18:26:16.230Z] [create-default-us-central1-logTrade] Retrying task index 0
[debug] [2026-01-21T18:26:16.231Z] Checked if tokens are valid: true, expires at: 1769022366557
[debug] [2026-01-21T18:26:16.231Z] Checked if tokens are valid: true, expires at: 1769022366557
[debug] [2026-01-21T18:26:16.231Z] >>> [apiv2][query] GET https://cloudfunctions.googleapis.com/v2/projects/trading-journal-db-eb6e1/locations/us-central1/operations/operation-1769019911113-648ea0b670bf0-a3db8e2c-fea82d48 [none]
[debug] [2026-01-21T18:26:17.148Z] <<< [apiv2][status] GET https://cloudfunctions.googleapis.com/v2/projects/trading-journal-db-eb6e1/locations/us-central1/operations/operation-1769019911113-648ea0b670bf0-a3db8e2c-fea82d48 200
[debug] [2026-01-21T18:26:17.148Z] <<< [apiv2][body] GET https://cloudfunctions.googleapis.com/v2/projects/trading-journal-db-eb6e1/locations/us-central1/operations/operation-1769019911113-648ea0b670bf0-a3db8e2c-fea82d48 {"name":"projects/trading-journal-db-eb6e1/locations/us-central1/operations/operation-1769019911113-648ea0b670bf0-a3db8e2c-fea82d48","metadata":{"@type":"type.googleapis.com/google.cloud.functions.v2.OperationMetadata","createTime":"2026-01-21T18:25:12.740829669Z","target":"projects/trading-journal-db-eb6e1/locations/us-central1/functions/logTrade","verb":"create","cancelRequested":false,"apiVersion":"v2","requestResource":{"@type":"type.googleapis.com/google.cloud.functions.v2.Function","name":"projects/trading-journal-db-eb6e1/locations/us-central1/functions/logTrade","buildConfig":{"runtime":"nodejs24","entryPoint":"logTrade","source":{"storageSource":{"bucket":"gcf-v2-sources-672967817566-us-central1","object":"logTrade/function-source.zip","generation":"1769019911805713"}},"environmentVariables":{"GOOGLE_NODE_RUN_SCRIPTS":""},"serviceAccount":"projects/trading-journal-db-eb6e1/serviceAccounts/672967817566-compute@developer.gserviceaccount.com","automaticUpdatePolicy":{}},"serviceConfig":{"service":"projects/trading-journal-db-eb6e1/locations/us-central1/services/logtrade","timeoutSeconds":60,"environmentVariables":{"FIREBASE_CONFIG":"{\"projectId\":\"trading-journal-db-eb6e1\",\"storageBucket\":\"trading-journal-db-eb6e1.firebasestorage.app\"}","GCLOUD_PROJECT":"trading-journal-db-eb6e1","EVENTARC_CLOUD_EVENT_SOURCE":"projects/trading-journal-db-eb6e1/locations/us-central1/services/logTrade","FUNCTION_TARGET":"logTrade","LOG_EXECUTION_ID":"true"},"ingressSettings":"ALLOW_ALL","serviceAccountEmail":"672967817566-compute@developer.gserviceaccount.com","availableMemory":"256Mi","maxInstanceRequestConcurrency":80,"availableCpu":"1"},"labels":{"deployment-tool":"cli-firebase","firebase-functions-hash":"5c4e7168386ab971f882d0f4a5fab52ec564874c"},"environment":"GEN_2"},"stages":[{"name":"BUILD","message":"Build in progress","state":"IN_PROGRESS","resource":"projects/672967817566/locations/us-central1/builds/8daac4c3-5e6c-45a9-8130-316fe647415e","resourceUri":"https://console.cloud.google.com/cloud-build/builds;region=us-central1/8daac4c3-5e6c-45a9-8130-316fe647415e?project=672967817566"},{"name":"SERVICE","state":"NOT_STARTED"}],"operationType":"CREATE_FUNCTION","buildName":"projects/672967817566/locations/us-central1/builds/8daac4c3-5e6c-45a9-8130-316fe647415e"},"done":false}
[debug] [2026-01-21T18:26:27.160Z] [create-default-us-central1-logTrade] Retrying task index 0
[debug] [2026-01-21T18:26:27.160Z] Checked if tokens are valid: true, expires at: 1769022366557
[debug] [2026-01-21T18:26:27.160Z] Checked if tokens are valid: true, expires at: 1769022366557
[debug] [2026-01-21T18:26:27.160Z] >>> [apiv2][query] GET https://cloudfunctions.googleapis.com/v2/projects/trading-journal-db-eb6e1/locations/us-central1/operations/operation-1769019911113-648ea0b670bf0-a3db8e2c-fea82d48 [none]
[debug] [2026-01-21T18:26:28.007Z] <<< [apiv2][status] GET https://cloudfunctions.googleapis.com/v2/projects/trading-journal-db-eb6e1/locations/us-central1/operations/operation-1769019911113-648ea0b670bf0-a3db8e2c-fea82d48 200
[debug] [2026-01-21T18:26:28.007Z] <<< [apiv2][body] GET https://cloudfunctions.googleapis.com/v2/projects/trading-journal-db-eb6e1/locations/us-central1/operations/operation-1769019911113-648ea0b670bf0-a3db8e2c-fea82d48 {"name":"projects/trading-journal-db-eb6e1/locations/us-central1/operations/operation-1769019911113-648ea0b670bf0-a3db8e2c-fea82d48","metadata":{"@type":"type.googleapis.com/google.cloud.functions.v2.OperationMetadata","createTime":"2026-01-21T18:25:12.740829669Z","target":"projects/trading-journal-db-eb6e1/locations/us-central1/functions/logTrade","verb":"create","cancelRequested":false,"apiVersion":"v2","requestResource":{"@type":"type.googleapis.com/google.cloud.functions.v2.Function","name":"projects/trading-journal-db-eb6e1/locations/us-central1/functions/logTrade","buildConfig":{"runtime":"nodejs24","entryPoint":"logTrade","source":{"storageSource":{"bucket":"gcf-v2-sources-672967817566-us-central1","object":"logTrade/function-source.zip","generation":"1769019911805713"}},"environmentVariables":{"GOOGLE_NODE_RUN_SCRIPTS":""},"serviceAccount":"projects/trading-journal-db-eb6e1/serviceAccounts/672967817566-compute@developer.gserviceaccount.com","automaticUpdatePolicy":{}},"serviceConfig":{"service":"projects/trading-journal-db-eb6e1/locations/us-central1/services/logtrade","timeoutSeconds":60,"environmentVariables":{"FIREBASE_CONFIG":"{\"projectId\":\"trading-journal-db-eb6e1\",\"storageBucket\":\"trading-journal-db-eb6e1.firebasestorage.app\"}","GCLOUD_PROJECT":"trading-journal-db-eb6e1","EVENTARC_CLOUD_EVENT_SOURCE":"projects/trading-journal-db-eb6e1/locations/us-central1/services/logTrade","FUNCTION_TARGET":"logTrade","LOG_EXECUTION_ID":"true"},"ingressSettings":"ALLOW_ALL","serviceAccountEmail":"672967817566-compute@developer.gserviceaccount.com","availableMemory":"256Mi","maxInstanceRequestConcurrency":80,"availableCpu":"1"},"labels":{"deployment-tool":"cli-firebase","firebase-functions-hash":"5c4e7168386ab971f882d0f4a5fab52ec564874c"},"environment":"GEN_2"},"stages":[{"name":"BUILD","message":"Build finished","state":"COMPLETE","resource":"projects/672967817566/locations/us-central1/builds/8daac4c3-5e6c-45a9-8130-316fe647415e","resourceUri":"https://console.cloud.google.com/cloud-build/builds;region=us-central1/8daac4c3-5e6c-45a9-8130-316fe647415e?project=672967817566"},{"name":"SERVICE","message":"Creating Cloud Run service","state":"IN_PROGRESS","resource":"projects/trading-journal-db-eb6e1/locations/us-central1/services/logtrade","resourceUri":"https://console.cloud.google.com/run/detail/us-central1/logtrade?project=trading-journal-db-eb6e1"}],"sourceToken":"Cldwcm9qZWN0cy82NzI5Njc4MTc1NjYvbG9jYXRpb25zL3VzLWNlbnRyYWwxL2J1aWxkcy84ZGFhYzRjMy01ZTZjLTQ1YTktODEzMC0zMTZmZTY0NzQxNWUSgAF1cy1jZW50cmFsMS1kb2NrZXIucGtnLmRldi90cmFkaW5nLWpvdXJuYWwtZGItZWI2ZTEvZ2NmLWFydGlmYWN0cy90cmFkaW5nLS1qb3VybmFsLS1kYi0tZWI2ZTFfX3VzLS1jZW50cmFsMV9fbG9nX3RyYWRlOnZlcnNpb25fMRje8oeAyxMiSnByb2plY3RzL3RyYWRpbmctam91cm5hbC1kYi1lYjZlMS9sb2NhdGlvbnMvdXMtY2VudHJhbDEvZnVuY3Rpb25zL2xvZ1RyYWRlKgwI0LTEywYQ2M+/gQEyCG5vZGVqczI0OnYKI2djci5pby9nYWUtcnVudGltZXMvbm9kZWpzMjQ6c3RhYmxlEk91cy1jZW50cmFsMS1kb2NrZXIucGtnLmRldi9zZXJ2ZXJsZXNzLXJ1bnRpbWVzL2dvb2dsZS0yNC1mdWxsL3J1bnRpbWVzL25vZGVqczI0QAE=","operationType":"CREATE_FUNCTION","buildName":"projects/672967817566/locations/us-central1/builds/8daac4c3-5e6c-45a9-8130-316fe647415e"},"done":false}
[debug] [2026-01-21T18:26:28.007Z] Got source token Cldwcm9qZWN0cy82NzI5Njc4MTc1NjYvbG9jYXRpb25zL3VzLWNlbnRyYWwxL2J1aWxkcy84ZGFhYzRjMy01ZTZjLTQ1YTktODEzMC0zMTZmZTY0NzQxNWUSgAF1cy1jZW50cmFsMS1kb2NrZXIucGtnLmRldi90cmFkaW5nLWpvdXJuYWwtZGItZWI2ZTEvZ2NmLWFydGlmYWN0cy90cmFkaW5nLS1qb3VybmFsLS1kYi0tZWI2ZTFfX3VzLS1jZW50cmFsMV9fbG9nX3RyYWRlOnZlcnNpb25fMRje8oeAyxMiSnByb2plY3RzL3RyYWRpbmctam91cm5hbC1kYi1lYjZlMS9sb2NhdGlvbnMvdXMtY2VudHJhbDEvZnVuY3Rpb25zL2xvZ1RyYWRlKgwI0LTEywYQ2M+/gQEyCG5vZGVqczI0OnYKI2djci5pby9nYWUtcnVudGltZXMvbm9kZWpzMjQ6c3RhYmxlEk91cy1jZW50cmFsMS1kb2NrZXIucGtnLmRldi9zZXJ2ZXJsZXNzLXJ1bnRpbWVzL2dvb2dsZS0yNC1mdWxsL3J1bnRpbWVzL25vZGVqczI0QAE= for region us-central1
[debug] [2026-01-21T18:26:38.014Z] [create-default-us-central1-logTrade] Retrying task index 0
[debug] [2026-01-21T18:26:38.014Z] Checked if tokens are valid: true, expires at: 1769022366557
[debug] [2026-01-21T18:26:38.014Z] Checked if tokens are valid: true, expires at: 1769022366557
[debug] [2026-01-21T18:26:38.014Z] >>> [apiv2][query] GET https://cloudfunctions.googleapis.com/v2/projects/trading-journal-db-eb6e1/locations/us-central1/operations/operation-1769019911113-648ea0b670bf0-a3db8e2c-fea82d48 [none]
[debug] [2026-01-21T18:26:38.843Z] <<< [apiv2][status] GET https://cloudfunctions.googleapis.com/v2/projects/trading-journal-db-eb6e1/locations/us-central1/operations/operation-1769019911113-648ea0b670bf0-a3db8e2c-fea82d48 200
[debug] [2026-01-21T18:26:38.843Z] <<< [apiv2][body] GET https://cloudfunctions.googleapis.com/v2/projects/trading-journal-db-eb6e1/locations/us-central1/operations/operation-1769019911113-648ea0b670bf0-a3db8e2c-fea82d48 {"name":"projects/trading-journal-db-eb6e1/locations/us-central1/operations/operation-1769019911113-648ea0b670bf0-a3db8e2c-fea82d48","metadata":{"@type":"type.googleapis.com/google.cloud.functions.v2.OperationMetadata","createTime":"2026-01-21T18:25:12.740829669Z","endTime":"2026-01-21T18:26:33.623601351Z","target":"projects/trading-journal-db-eb6e1/locations/us-central1/functions/logTrade","verb":"create","cancelRequested":false,"apiVersion":"v2","requestResource":{"@type":"type.googleapis.com/google.cloud.functions.v2.Function","name":"projects/trading-journal-db-eb6e1/locations/us-central1/functions/logTrade","buildConfig":{"runtime":"nodejs24","entryPoint":"logTrade","source":{"storageSource":{"bucket":"gcf-v2-sources-672967817566-us-central1","object":"logTrade/function-source.zip","generation":"1769019911805713"}},"environmentVariables":{"GOOGLE_NODE_RUN_SCRIPTS":""},"serviceAccount":"projects/trading-journal-db-eb6e1/serviceAccounts/672967817566-compute@developer.gserviceaccount.com","automaticUpdatePolicy":{}},"serviceConfig":{"service":"projects/trading-journal-db-eb6e1/locations/us-central1/services/logtrade","timeoutSeconds":60,"environmentVariables":{"FIREBASE_CONFIG":"{\"projectId\":\"trading-journal-db-eb6e1\",\"storageBucket\":\"trading-journal-db-eb6e1.firebasestorage.app\"}","GCLOUD_PROJECT":"trading-journal-db-eb6e1","EVENTARC_CLOUD_EVENT_SOURCE":"projects/trading-journal-db-eb6e1/locations/us-central1/services/logTrade","FUNCTION_TARGET":"logTrade","LOG_EXECUTION_ID":"true"},"ingressSettings":"ALLOW_ALL","serviceAccountEmail":"672967817566-compute@developer.gserviceaccount.com","availableMemory":"256Mi","maxInstanceRequestConcurrency":80,"availableCpu":"1"},"labels":{"deployment-tool":"cli-firebase","firebase-functions-hash":"5c4e7168386ab971f882d0f4a5fab52ec564874c"},"environment":"GEN_2"},"stages":[{"name":"BUILD","message":"Build finished","state":"COMPLETE","resource":"projects/672967817566/locations/us-central1/builds/8daac4c3-5e6c-45a9-8130-316fe647415e","resourceUri":"https://console.cloud.google.com/cloud-build/builds;region=us-central1/8daac4c3-5e6c-45a9-8130-316fe647415e?project=672967817566"},{"name":"SERVICE","message":"Creating Cloud Run service","state":"COMPLETE","resource":"projects/trading-journal-db-eb6e1/locations/us-central1/services/logtrade","resourceUri":"https://console.cloud.google.com/run/detail/us-central1/logtrade?project=trading-journal-db-eb6e1"}],"sourceToken":"Cldwcm9qZWN0cy82NzI5Njc4MTc1NjYvbG9jYXRpb25zL3VzLWNlbnRyYWwxL2J1aWxkcy84ZGFhYzRjMy01ZTZjLTQ1YTktODEzMC0zMTZmZTY0NzQxNWUSgAF1cy1jZW50cmFsMS1kb2NrZXIucGtnLmRldi90cmFkaW5nLWpvdXJuYWwtZGItZWI2ZTEvZ2NmLWFydGlmYWN0cy90cmFkaW5nLS1qb3VybmFsLS1kYi0tZWI2ZTFfX3VzLS1jZW50cmFsMV9fbG9nX3RyYWRlOnZlcnNpb25fMRje8oeAyxMiSnByb2plY3RzL3RyYWRpbmctam91cm5hbC1kYi1lYjZlMS9sb2NhdGlvbnMvdXMtY2VudHJhbDEvZnVuY3Rpb25zL2xvZ1RyYWRlKgwI0LTEywYQ2M+/gQEyCG5vZGVqczI0OnYKI2djci5pby9nYWUtcnVudGltZXMvbm9kZWpzMjQ6c3RhYmxlEk91cy1jZW50cmFsMS1kb2NrZXIucGtnLmRldi9zZXJ2ZXJsZXNzLXJ1bnRpbWVzL2dvb2dsZS0yNC1mdWxsL3J1bnRpbWVzL25vZGVqczI0QAE=","operationType":"CREATE_FUNCTION","buildName":"projects/672967817566/locations/us-central1/builds/8daac4c3-5e6c-45a9-8130-316fe647415e"},"done":true,"response":{"@type":"type.googleapis.com/google.cloud.functions.v2.Function","name":"projects/trading-journal-db-eb6e1/locations/us-central1/functions/logTrade","buildConfig":{"build":"projects/672967817566/locations/us-central1/builds/8daac4c3-5e6c-45a9-8130-316fe647415e","runtime":"nodejs24","entryPoint":"logTrade","source":{"storageSource":{"bucket":"gcf-v2-sources-672967817566-us-central1","object":"logTrade/function-source.zip","generation":"1769019911805713"}},"environmentVariables":{"GOOGLE_NODE_RUN_SCRIPTS":""},"dockerRepository":"projects/trading-journal-db-eb6e1/locations/us-central1/repositories/gcf-artifacts","sourceProvenance":{"resolvedStorageSource":{"bucket":"gcf-v2-sources-672967817566-us-central1","object":"logTrade/function-source.zip","generation":"1769019911805713"}},"dockerRegistry":"ARTIFACT_REGISTRY","serviceAccount":"projects/trading-journal-db-eb6e1/serviceAccounts/672967817566-compute@developer.gserviceaccount.com","automaticUpdatePolicy":{}},"serviceConfig":{"service":"projects/trading-journal-db-eb6e1/locations/us-central1/services/logtrade","timeoutSeconds":60,"environmentVariables":{"FIREBASE_CONFIG":"{\"projectId\":\"trading-journal-db-eb6e1\",\"storageBucket\":\"trading-journal-db-eb6e1.firebasestorage.app\"}","GCLOUD_PROJECT":"trading-journal-db-eb6e1","EVENTARC_CLOUD_EVENT_SOURCE":"projects/trading-journal-db-eb6e1/locations/us-central1/services/logTrade","FUNCTION_TARGET":"logTrade","LOG_EXECUTION_ID":"true"},"ingressSettings":"ALLOW_ALL","uri":"https://logtrade-ukvjgmr3hq-uc.a.run.app","serviceAccountEmail":"672967817566-compute@developer.gserviceaccount.com","availableMemory":"256Mi","allTrafficOnLatestRevision":true,"revision":"logtrade-00001-doz","maxInstanceRequestConcurrency":80,"availableCpu":"1"},"state":"ACTIVE","updateTime":"2026-01-21T18:25:12.737206669Z","labels":{"firebase-functions-hash":"5c4e7168386ab971f882d0f4a5fab52ec564874c","deployment-tool":"cli-firebase"},"environment":"GEN_2","url":"https://us-central1-trading-journal-db-eb6e1.cloudfunctions.net/logTrade","createTime":"2026-01-21T18:25:12.737206669Z","satisfiesPzi":true}}
[debug] [2026-01-21T18:26:38.843Z] Got source token Cldwcm9qZWN0cy82NzI5Njc4MTc1NjYvbG9jYXRpb25zL3VzLWNlbnRyYWwxL2J1aWxkcy84ZGFhYzRjMy01ZTZjLTQ1YTktODEzMC0zMTZmZTY0NzQxNWUSgAF1cy1jZW50cmFsMS1kb2NrZXIucGtnLmRldi90cmFkaW5nLWpvdXJuYWwtZGItZWI2ZTEvZ2NmLWFydGlmYWN0cy90cmFkaW5nLS1qb3VybmFsLS1kYi0tZWI2ZTFfX3VzLS1jZW50cmFsMV9fbG9nX3RyYWRlOnZlcnNpb25fMRje8oeAyxMiSnByb2plY3RzL3RyYWRpbmctam91cm5hbC1kYi1lYjZlMS9sb2NhdGlvbnMvdXMtY2VudHJhbDEvZnVuY3Rpb25zL2xvZ1RyYWRlKgwI0LTEywYQ2M+/gQEyCG5vZGVqczI0OnYKI2djci5pby9nYWUtcnVudGltZXMvbm9kZWpzMjQ6c3RhYmxlEk91cy1jZW50cmFsMS1kb2NrZXIucGtnLmRldi9zZXJ2ZXJsZXNzLXJ1bnRpbWVzL2dvb2dsZS0yNC1mdWxsL3J1bnRpbWVzL25vZGVqczI0QAE= for region us-central1
[debug] [2026-01-21T18:26:38.844Z] Checked if tokens are valid: true, expires at: 1769022366557
[debug] [2026-01-21T18:26:38.844Z] Checked if tokens are valid: true, expires at: 1769022366557
[debug] [2026-01-21T18:26:38.844Z] >>> [apiv2][query] POST https://run.googleapis.com/v1/projects/trading-journal-db-eb6e1/locations/us-central1/services/logtrade:setIamPolicy [none]
[debug] [2026-01-21T18:26:38.844Z] >>> [apiv2][body] POST https://run.googleapis.com/v1/projects/trading-journal-db-eb6e1/locations/us-central1/services/logtrade:setIamPolicy {"policy":{"bindings":[{"role":"roles/run.invoker","members":["allUsers"]}],"etag":"","version":3},"updateMask":"bindings,etag,version"}
[debug] [2026-01-21T18:26:40.061Z] <<< [apiv2][status] POST https://run.googleapis.com/v1/projects/trading-journal-db-eb6e1/locations/us-central1/services/logtrade:setIamPolicy 200
[debug] [2026-01-21T18:26:40.061Z] <<< [apiv2][body] POST https://run.googleapis.com/v1/projects/trading-journal-db-eb6e1/locations/us-central1/services/logtrade:setIamPolicy {"version":1,"etag":"BwZI6hCe7mw=","bindings":[{"role":"roles/run.invoker","members":["allUsers"]}]}
[info] +  functions[logTrade(us-central1)] Successful create operation. 
[debug] [2026-01-21T18:26:40.062Z] Total Function Deployment time: 87765
[debug] [2026-01-21T18:26:40.063Z] 1 Functions Deployed
[debug] [2026-01-21T18:26:40.063Z] 0 Functions Errored
[debug] [2026-01-21T18:26:40.063Z] 0 Function Deployments Aborted
[debug] [2026-01-21T18:26:40.063Z] Average Function Deployment time: 87763
[info] Function URL (logTrade(us-central1)): https://us-central1-trading-journal-db-eb6e1.cloudfunctions.net/logTrade
[debug] [2026-01-21T18:26:40.064Z] Checked if tokens are valid: true, expires at: 1769022366557
[debug] [2026-01-21T18:26:40.064Z] Checked if tokens are valid: true, expires at: 1769022366557
[debug] [2026-01-21T18:26:40.064Z] >>> [apiv2][query] GET https://artifactregistry.googleapis.com/v1/projects/trading-journal-db-eb6e1/locations/us-central1/repositories/gcf-artifacts [none]
[debug] [2026-01-21T18:26:40.981Z] <<< [apiv2][status] GET https://artifactregistry.googleapis.com/v1/projects/trading-journal-db-eb6e1/locations/us-central1/repositories/gcf-artifacts 200
[debug] [2026-01-21T18:26:40.982Z] <<< [apiv2][body] GET https://artifactregistry.googleapis.com/v1/projects/trading-journal-db-eb6e1/locations/us-central1/repositories/gcf-artifacts {"name":"projects/trading-journal-db-eb6e1/locations/us-central1/repositories/gcf-artifacts","format":"DOCKER","description":"This repository is created and used by Cloud Functions for storing function docker images.","labels":{"goog-managed-by":"cloudfunctions"},"createTime":"2026-01-21T18:25:24.037781Z","updateTime":"2026-01-21T18:26:13.700858Z","mode":"STANDARD_REPOSITORY","sizeBytes":"99971709","vulnerabilityScanningConfig":{"lastEnableTime":"2026-01-21T18:25:12.916351799Z","enablementState":"SCANNING_DISABLED","enablementStateReason":"API containerscanning.googleapis.com is not enabled."},"satisfiesPzi":true,"registryUri":"us-central1-docker.pkg.dev/trading-journal-db-eb6e1/gcf-artifacts"}
[warn] !  functions: No cleanup policy detected for repositories in us-central1. This may result in a small monthly bill as container images accumulate over time. 
